[debug] [2026-02-18T02:51:52.563Z] ----------------------------------------------------------------------
[debug] [2026-02-18T02:51:52.565Z] Command:       C:\Program Files\nodejs\node.exe C:\Users\ichikawa\AppData\Roaming\npm\node_modules\firebase-tools\lib\bin\firebase.js deploy --only functions
[debug] [2026-02-18T02:51:52.565Z] CLI Version:   15.4.0
[debug] [2026-02-18T02:51:52.565Z] Platform:      win32
[debug] [2026-02-18T02:51:52.566Z] Node Version:  v22.20.0
[debug] [2026-02-18T02:51:52.566Z] Time:          Wed Feb 18 2026 11:51:52 GMT+0900 (日本標準時)
[debug] [2026-02-18T02:51:52.566Z] ----------------------------------------------------------------------
[debug] 
[debug] [2026-02-18T02:51:54.736Z] > command requires scopes: ["email","openid","https://www.googleapis.com/auth/cloudplatformprojects.readonly","https://www.googleapis.com/auth/firebase","https://www.googleapis.com/auth/cloud-platform"]
[debug] [2026-02-18T02:51:54.736Z] > authorizing via signed-in user (kazuki2kr@gmail.com)
[debug] [2026-02-18T02:51:54.736Z] [iam] checking project x-semi-auto-support for permissions ["cloudfunctions.functions.create","cloudfunctions.functions.delete","cloudfunctions.functions.get","cloudfunctions.functions.list","cloudfunctions.functions.update","cloudfunctions.operations.get","firebase.projects.get"]
[debug] [2026-02-18T02:51:54.737Z] Checked if tokens are valid: true, expires at: 1771386288574
[debug] [2026-02-18T02:51:54.737Z] Checked if tokens are valid: true, expires at: 1771386288574
[debug] [2026-02-18T02:51:54.739Z] >>> [apiv2][query] POST https://cloudresourcemanager.googleapis.com/v1/projects/x-semi-auto-support:testIamPermissions [none]
[debug] [2026-02-18T02:51:54.739Z] >>> [apiv2][(partial)header] POST https://cloudresourcemanager.googleapis.com/v1/projects/x-semi-auto-support:testIamPermissions x-goog-quota-user=projects/x-semi-auto-support
[debug] [2026-02-18T02:51:54.739Z] >>> [apiv2][body] POST https://cloudresourcemanager.googleapis.com/v1/projects/x-semi-auto-support:testIamPermissions {"permissions":["cloudfunctions.functions.create","cloudfunctions.functions.delete","cloudfunctions.functions.get","cloudfunctions.functions.list","cloudfunctions.functions.update","cloudfunctions.operations.get","firebase.projects.get"]}
[debug] [2026-02-18T02:51:55.477Z] <<< [apiv2][status] POST https://cloudresourcemanager.googleapis.com/v1/projects/x-semi-auto-support:testIamPermissions 200
[debug] [2026-02-18T02:51:55.478Z] <<< [apiv2][body] POST https://cloudresourcemanager.googleapis.com/v1/projects/x-semi-auto-support:testIamPermissions {"permissions":["cloudfunctions.functions.create","cloudfunctions.functions.delete","cloudfunctions.functions.get","cloudfunctions.functions.list","cloudfunctions.functions.update","cloudfunctions.operations.get","firebase.projects.get"]}
[debug] [2026-02-18T02:51:55.479Z] Checked if tokens are valid: true, expires at: 1771386288574
[debug] [2026-02-18T02:51:55.479Z] Checked if tokens are valid: true, expires at: 1771386288574
[debug] [2026-02-18T02:51:55.479Z] >>> [apiv2][query] POST https://iam.googleapis.com/v1/projects/x-semi-auto-support/serviceAccounts/x-semi-auto-support@appspot.gserviceaccount.com:testIamPermissions [none]
[debug] [2026-02-18T02:51:55.479Z] >>> [apiv2][body] POST https://iam.googleapis.com/v1/projects/x-semi-auto-support/serviceAccounts/x-semi-auto-support@appspot.gserviceaccount.com:testIamPermissions {"permissions":["iam.serviceAccounts.actAs"]}
[debug] [2026-02-18T02:51:55.889Z] <<< [apiv2][status] POST https://iam.googleapis.com/v1/projects/x-semi-auto-support/serviceAccounts/x-semi-auto-support@appspot.gserviceaccount.com:testIamPermissions 200
[debug] [2026-02-18T02:51:55.889Z] <<< [apiv2][body] POST https://iam.googleapis.com/v1/projects/x-semi-auto-support/serviceAccounts/x-semi-auto-support@appspot.gserviceaccount.com:testIamPermissions {"permissions":["iam.serviceAccounts.actAs"]}
[info] 
[info] === Deploying to 'x-semi-auto-support'...
[info] 
[info] i  deploying functions 
[info] Running command: npm --prefix "$RESOURCE_DIR" run build
