
> next-app@0.1.0 lint
> eslint


C:\Users\ichikawa\Desktop\X-Semi-Auto-Support\extension\content.js
   73:38  warning  'type' is defined but never used                  @typescript-eslint/no-unused-vars
  204:10  warning  'calculateScore' is defined but never used        @typescript-eslint/no-unused-vars
  402:15  warning  'timeElement' is assigned a value but never used  @typescript-eslint/no-unused-vars
  413:18  warning  'e' is defined but never used                     @typescript-eslint/no-unused-vars

C:\Users\ichikawa\Desktop\X-Semi-Auto-Support\functions\check_key.js
  1:15  error  A `require()` style import is forbidden  @typescript-eslint/no-require-imports

C:\Users\ichikawa\Desktop\X-Semi-Auto-Support\functions\lib\index.js
   4:19  error  A `require()` style import is forbidden  @typescript-eslint/no-require-imports
   5:15  error  A `require()` style import is forbidden  @typescript-eslint/no-require-imports
   6:21  error  A `require()` style import is forbidden  @typescript-eslint/no-require-imports
   7:25  error  A `require()` style import is forbidden  @typescript-eslint/no-require-imports
   8:18  error  A `require()` style import is forbidden  @typescript-eslint/no-require-imports
  11:21  error  A `require()` style import is forbidden  @typescript-eslint/no-require-imports
  12:22  error  A `require()` style import is forbidden  @typescript-eslint/no-require-imports

C:\Users\ichikawa\Desktop\X-Semi-Auto-Support\functions\lib\knowledge.js
  4:25  error  A `require()` style import is forbidden  @typescript-eslint/no-require-imports

C:\Users\ichikawa\Desktop\X-Semi-Auto-Support\functions\src\index.ts
   22:71  error  Unexpected any. Specify a different type  @typescript-eslint/no-explicit-any
   22:85  error  Unexpected any. Specify a different type  @typescript-eslint/no-explicit-any
   71:70  error  Unexpected any. Specify a different type  @typescript-eslint/no-explicit-any
  178:27  error  Unexpected any. Specify a different type  @typescript-eslint/no-explicit-any
  218:21  error  Unexpected any. Specify a different type  @typescript-eslint/no-explicit-any

C:\Users\ichikawa\Desktop\X-Semi-Auto-Support\functions\tools\generate_articles.js
  1:12  error  A `require()` style import is forbidden  @typescript-eslint/no-require-imports
  2:14  error  A `require()` style import is forbidden  @typescript-eslint/no-require-imports

C:\Users\ichikawa\Desktop\X-Semi-Auto-Support\src\app\api\replies\route.ts
  8:49  warning  'authorName' is assigned a value but never used  @typescript-eslint/no-unused-vars

C:\Users\ichikawa\Desktop\X-Semi-Auto-Support\src\lib\firebase-admin.ts
   6:15  warning  'serviceAccountPath' is assigned a value but never used  @typescript-eslint/no-unused-vars
  11:26  error    A `require()` style import is forbidden                  @typescript-eslint/no-require-imports
  12:24  error    A `require()` style import is forbidden                  @typescript-eslint/no-require-imports

笨・24 problems (18 errors, 6 warnings)

